<?xml version="1.0" encoding="UTF-8"?>
<!-- Generated by org.testng.reporters.JUnitReportReporter -->
<testsuite hostname="INLPF1AX91E" failures="0" tests="1" name="Framework.Excel.Readdatafromexcel" time="0.591" errors="0" timestamp="2024-11-25T11:46:49 IST" skipped="0">
  <testcase classname="Framework.Excel.Readdatafromexcel" name="getExcelData" time="0.591"/>
</testsuite> <!-- Framework.Excel.Readdatafromexcel -->
