<?xml version="1.0" encoding="UTF-8"?>
<!-- Generated by org.testng.reporters.JUnitReportReporter -->
<testsuite hostname="INLPF1AX91E" failures="0" tests="1" name="Framework.Excel.ReadingdatafromExcelusingIterator" time="0.643" errors="0" timestamp="2024-11-24T15:02:59 IST" skipped="0">
  <testcase classname="Framework.Excel.ReadingdatafromExcelusingIterator" name="readDataIteratorexcel" time="0.643"/>
</testsuite> <!-- Framework.Excel.ReadingdatafromExcelusingIterator -->
