<?xml version="1.0" encoding="UTF-8"?>
<!-- Generated by org.testng.reporters.JUnitReportReporter -->
<testsuite hostname="INLPF1AX91E" failures="0" tests="1" name="Framework.Excel.dataarrayconversion" time="0.902" errors="0" timestamp="2024-11-25T12:17:35 IST" skipped="0">
  <testcase classname="Framework.Excel.dataarrayconversion" name="dataintoarray" time="0.902"/>
</testsuite> <!-- Framework.Excel.dataarrayconversion -->
